This file contains any messages produced by compilers while
running configure, to aid debugging if configure makes a mistake.

It was created by libusb configure 1.0.8, which was
generated by GNU Autoconf 2.69.  Invocation command line was

  $ ./configure LDFLAGS=-framework IOKit -framework CoreFoundation -arch i386 -arch x86_64  CFLAGS=-arch i386 -arch x86_64 --disable-dependency-tracking --prefix=/opt/local

## --------- ##
## Platform. ##
## --------- ##

hostname = Mac
uname -m = x86_64
uname -r = 16.7.0
uname -s = Darwin
uname -v = Darwin Kernel Version 16.7.0: Thu Jun 15 17:36:27 PDT 2017; root:xnu-3789.70.16~2/RELEASE_X86_64

/usr/bin/uname -p = i386
/bin/uname -X     = unknown

/bin/arch              = unknown
/usr/bin/arch -k       = unknown
/usr/convex/getsysinfo = unknown
/usr/bin/hostinfo      = Mach kernel version:
	 Darwin Kernel Version 16.7.0: Thu Jun 15 17:36:27 PDT 2017; root:xnu-3789.70.16~2/RELEASE_X86_64
Kernel configured for up to 8 processors.
4 processors are physically available.
8 processors are logically available.
Processor type: x86_64h (Intel x86-64h Haswell)
Processors active: 0 1 2 3 4 5 6 7
Primary memory available: 8.00 gigabytes
Default processor set: 334 tasks, 1492 threads, 8 processors
Load average: 2.19, Mach factor: 5.79
/bin/machine           = unknown
/usr/bin/oslevel       = unknown
/bin/universe          = unknown

PATH: /Users/alumincan/.nvm/versions/node/v6.9.4/bin
PATH: /usr/local/opt/openssl/bin
PATH: /Users/alumincan/bin
PATH: /usr/local/bin
PATH: /usr/local/bin
PATH: /usr/bin
PATH: /bin
PATH: /usr/sbin
PATH: /sbin
PATH: /Users/alumincan/Library/Android/sdk/tools
PATH: /Users/alumincan/Library/Android/sdk/platform-tools


## ----------- ##
## Core tests. ##
## ----------- ##

configure:2420: checking for a BSD-compatible install
configure:2488: result: /usr/bin/install -c
configure:2499: checking whether build environment is sane
configure:2554: result: yes
configure:2705: checking for a thread-safe mkdir -p
configure:2744: result: ./install-sh -c -d
configure:2751: checking for gawk
configure:2781: result: no
configure:2751: checking for mawk
configure:2781: result: no
configure:2751: checking for nawk
configure:2781: result: no
configure:2751: checking for awk
configure:2767: found /usr/bin/awk
configure:2778: result: awk
configure:2789: checking whether make sets $(MAKE)
configure:2811: result: yes
configure:2840: checking whether make supports nested variables
configure:2857: result: yes
configure:2998: checking whether make supports nested variables
configure:3015: result: yes
configure:3076: checking for gcc
configure:3092: found /usr/bin/gcc
configure:3103: result: gcc
configure:3332: checking for C compiler version
configure:3341: gcc --version >&5
Apple LLVM version 8.1.0 (clang-802.0.42)
Target: x86_64-apple-darwin16.7.0
Thread model: posix
InstalledDir: /Library/Developer/CommandLineTools/usr/bin
Configured with: --prefix=/Library/Developer/CommandLineTools/usr --with-gxx-include-dir=/usr/include/c++/4.2.1
configure:3352: $? = 0
configure:3341: gcc -v >&5
Configured with: --prefix=/Library/Developer/CommandLineTools/usr --with-gxx-include-dir=/usr/include/c++/4.2.1
Apple LLVM version 8.1.0 (clang-802.0.42)
Target: x86_64-apple-darwin16.7.0
Thread model: posix
InstalledDir: /Library/Developer/CommandLineTools/usr/bin
configure:3352: $? = 0
configure:3341: gcc -V >&5
clang: error: argument to '-V' is missing (expected 1 value)
clang: error: no input files
configure:3352: $? = 1
configure:3341: gcc -qversion >&5
clang: error: unknown argument: '-qversion'
clang: error: no input files
configure:3352: $? = 1
configure:3372: checking whether the C compiler works
configure:3394: gcc -arch i386 -arch x86_64  -framework IOKit -framework CoreFoundation -arch i386 -arch x86_64  conftest.c  >&5
configure:3398: $? = 0
configure:3446: result: yes
configure:3449: checking for C compiler default output file name
configure:3451: result: a.out
configure:3457: checking for suffix of executables
configure:3464: gcc -o conftest -arch i386 -arch x86_64  -framework IOKit -framework CoreFoundation -arch i386 -arch x86_64  conftest.c  >&5
configure:3468: $? = 0
configure:3490: result: 
configure:3512: checking whether we are cross compiling
configure:3520: gcc -o conftest -arch i386 -arch x86_64  -framework IOKit -framework CoreFoundation -arch i386 -arch x86_64  conftest.c  >&5
configure:3524: $? = 0
configure:3531: ./conftest
configure:3535: $? = 0
configure:3550: result: no
configure:3555: checking for suffix of object files
configure:3577: gcc -c -arch i386 -arch x86_64  conftest.c >&5
configure:3581: $? = 0
configure:3602: result: o
configure:3606: checking whether we are using the GNU C compiler
configure:3625: gcc -c -arch i386 -arch x86_64  conftest.c >&5
configure:3625: $? = 0
configure:3634: result: yes
configure:3643: checking whether gcc accepts -g
configure:3663: gcc -c -g  conftest.c >&5
configure:3663: $? = 0
configure:3704: result: yes
configure:3721: checking for gcc option to accept ISO C89
configure:3784: gcc  -c -arch i386 -arch x86_64  conftest.c >&5
configure:3784: $? = 0
configure:3797: result: none needed
configure:3822: checking whether gcc understands -c and -o together
configure:3844: gcc -c conftest.c -o conftest2.o
configure:3847: $? = 0
configure:3844: gcc -c conftest.c -o conftest2.o
configure:3847: $? = 0
configure:3859: result: yes
configure:3887: checking for style of include used by make
configure:3915: result: GNU
configure:3941: checking dependency style of gcc
configure:4052: result: none
configure:4096: checking build system type
configure:4110: result: x86_64-apple-darwin16.7.0
configure:4130: checking host system type
configure:4143: result: x86_64-apple-darwin16.7.0
configure:4184: checking how to print strings
configure:4211: result: printf
configure:4232: checking for a sed that does not truncate output
configure:4296: result: /usr/bin/sed
configure:4314: checking for grep that handles long lines and -e
configure:4372: result: /usr/bin/grep
configure:4377: checking for egrep
configure:4439: result: /usr/bin/grep -E
configure:4444: checking for fgrep
configure:4506: result: /usr/bin/grep -F
configure:4541: checking for ld used by gcc
configure:4608: result: /Library/Developer/CommandLineTools/usr/bin/ld
configure:4615: checking if the linker (/Library/Developer/CommandLineTools/usr/bin/ld) is GNU ld
configure:4630: result: no
configure:4642: checking for BSD- or MS-compatible name lister (nm)
configure:4696: result: /usr/bin/nm -B
configure:4826: checking the name lister (/usr/bin/nm -B) interface
configure:4833: gcc -c -arch i386 -arch x86_64  conftest.c >&5
configure:4836: /usr/bin/nm -B "conftest.o"
configure:4839: output
0000000000000000 S _some_variable
configure:4846: result: BSD nm
configure:4849: checking whether ln -s works
configure:4853: result: yes
configure:4861: checking the maximum length of command line arguments
configure:4992: result: 196608
configure:5040: checking how to convert x86_64-apple-darwin16.7.0 file names to x86_64-apple-darwin16.7.0 format
configure:5080: result: func_convert_file_noop
configure:5087: checking how to convert x86_64-apple-darwin16.7.0 file names to toolchain format
configure:5107: result: func_convert_file_noop
configure:5114: checking for /Library/Developer/CommandLineTools/usr/bin/ld option to reload object files
configure:5121: result: -r
configure:5195: checking for objdump
configure:5211: found /usr/bin/objdump
configure:5222: result: objdump
configure:5254: checking how to recognize dependent libraries
configure:5454: result: pass_all
configure:5539: checking for dlltool
configure:5569: result: no
configure:5599: checking how to associate runtime and link libraries
configure:5626: result: printf %s\n
configure:5687: checking for ar
configure:5703: found /usr/bin/ar
configure:5714: result: ar
configure:5751: checking for archiver @FILE support
configure:5768: gcc -c -arch i386 -arch x86_64  conftest.c >&5
configure:5768: $? = 0
configure:5771: ar cru libconftest.a @conftest.lst >&5
ar: @conftest.lst: No such file or directory
configure:5774: $? = 1
configure:5794: result: no
configure:5852: checking for strip
configure:5868: found /usr/bin/strip
configure:5879: result: strip
configure:5951: checking for ranlib
configure:5967: found /usr/bin/ranlib
configure:5978: result: ranlib
configure:6080: checking command to parse /usr/bin/nm -B output from gcc object
configure:6233: gcc -c -arch i386 -arch x86_64  conftest.c >&5
configure:6236: $? = 0
configure:6240: /usr/bin/nm -B conftest.o \| sed -n -e 's/^.*[ ]\([BCDEGRST][BCDEGRST]*\)[ ][ ]*\([_A-Za-z][_A-Za-z0-9]*\)$/\1 \2 \2/p' | sed '/ __gnu_lto/d' \> conftest.nm
configure:6243: $? = 0
cannot find nm_test_var in conftest.nm
configure:6233: gcc -c -arch i386 -arch x86_64  conftest.c >&5
configure:6236: $? = 0
configure:6240: /usr/bin/nm -B conftest.o \| sed -n -e 's/^.*[ ]\([BCDEGRST][BCDEGRST]*\)[ ][ ]*_\([_A-Za-z][_A-Za-z0-9]*\)$/\1 _\2 \2/p' | sed '/ __gnu_lto/d' \> conftest.nm
configure:6243: $? = 0
configure:6309: gcc -o conftest -arch i386 -arch x86_64  -framework IOKit -framework CoreFoundation -arch i386 -arch x86_64  conftest.c conftstm.o >&5
configure:6312: $? = 0
configure:6350: result: ok
configure:6397: checking for sysroot
configure:6427: result: no
configure:6434: checking for a working dd
configure:6472: result: /bin/dd
configure:6476: checking how to truncate binary pipes
configure:6491: result: /bin/dd bs=4096 count=1
configure:6820: checking for mt
configure:6850: result: no
configure:6870: checking if : is a manifest tool
configure:6876: : '-?'
configure:6884: result: no
configure:6940: checking for dsymutil
configure:6956: found /usr/bin/dsymutil
configure:6967: result: dsymutil
configure:7032: checking for nmedit
configure:7048: found /usr/bin/nmedit
configure:7059: result: nmedit
configure:7124: checking for lipo
configure:7140: found /usr/bin/lipo
configure:7151: result: lipo
configure:7216: checking for otool
configure:7232: found /usr/bin/otool
configure:7243: result: otool
configure:7308: checking for otool64
configure:7338: result: no
configure:7383: checking for -single_module linker flag
gcc -arch i386 -arch x86_64 -framework IOKit -framework CoreFoundation -arch i386 -arch x86_64  -o libconftest.dylib -dynamiclib -Wl,-single_module conftest.c
configure:7416: result: yes
configure:7419: checking for -exported_symbols_list linker flag
configure:7439: gcc -o conftest -arch i386 -arch x86_64  -framework IOKit -framework CoreFoundation -arch i386 -arch x86_64  -Wl,-exported_symbols_list,conftest.sym conftest.c  >&5
configure:7439: $? = 0
configure:7449: result: yes
configure:7452: checking for -force_load linker flag
gcc -arch i386 -arch x86_64 -c -o conftest.o conftest.c
ar cru libconftest.a conftest.o
ranlib libconftest.a
gcc -arch i386 -arch x86_64 -framework IOKit -framework CoreFoundation -arch i386 -arch x86_64  -o conftest conftest.c -Wl,-force_load,./libconftest.a
configure:7484: result: yes
configure:7561: checking how to run the C preprocessor
configure:7592: gcc -E  conftest.c
configure:7592: $? = 0
configure:7606: gcc -E  conftest.c
conftest.c:11:10: fatal error: 'ac_nonexistent.h' file not found
#include <ac_nonexistent.h>
         ^
1 error generated.
configure:7606: $? = 1
configure: failed program was:
| /* confdefs.h */
| #define PACKAGE_NAME "libusb"
| #define PACKAGE_TARNAME "libusb"
| #define PACKAGE_VERSION "1.0.8"
| #define PACKAGE_STRING "libusb 1.0.8"
| #define PACKAGE_BUGREPORT "libusb-devel@lists.sourceforge.net"
| #define PACKAGE_URL "http://www.libusb.org/"
| #define PACKAGE "libusb"
| #define VERSION "1.0.8"
| /* end confdefs.h.  */
| #include <ac_nonexistent.h>
configure:7631: result: gcc -E
configure:7651: gcc -E  conftest.c
configure:7651: $? = 0
configure:7665: gcc -E  conftest.c
conftest.c:11:10: fatal error: 'ac_nonexistent.h' file not found
#include <ac_nonexistent.h>
         ^
1 error generated.
configure:7665: $? = 1
configure: failed program was:
| /* confdefs.h */
| #define PACKAGE_NAME "libusb"
| #define PACKAGE_TARNAME "libusb"
| #define PACKAGE_VERSION "1.0.8"
| #define PACKAGE_STRING "libusb 1.0.8"
| #define PACKAGE_BUGREPORT "libusb-devel@lists.sourceforge.net"
| #define PACKAGE_URL "http://www.libusb.org/"
| #define PACKAGE "libusb"
| #define VERSION "1.0.8"
| /* end confdefs.h.  */
| #include <ac_nonexistent.h>
configure:7694: checking for ANSI C header files
configure:7714: gcc -c -arch i386 -arch x86_64  conftest.c >&5
configure:7714: $? = 0
configure:7787: gcc -o conftest -arch i386 -arch x86_64  -framework IOKit -framework CoreFoundation -arch i386 -arch x86_64  conftest.c  >&5
configure:7787: $? = 0
configure:7787: ./conftest
configure:7787: $? = 0
configure:7798: result: yes
configure:7811: checking for sys/types.h
configure:7811: gcc -c -arch i386 -arch x86_64  conftest.c >&5
configure:7811: $? = 0
configure:7811: result: yes
configure:7811: checking for sys/stat.h
configure:7811: gcc -c -arch i386 -arch x86_64  conftest.c >&5
configure:7811: $? = 0
configure:7811: result: yes
configure:7811: checking for stdlib.h
configure:7811: gcc -c -arch i386 -arch x86_64  conftest.c >&5
configure:7811: $? = 0
configure:7811: result: yes
configure:7811: checking for string.h
configure:7811: gcc -c -arch i386 -arch x86_64  conftest.c >&5
configure:7811: $? = 0
configure:7811: result: yes
configure:7811: checking for memory.h
configure:7811: gcc -c -arch i386 -arch x86_64  conftest.c >&5
configure:7811: $? = 0
configure:7811: result: yes
configure:7811: checking for strings.h
configure:7811: gcc -c -arch i386 -arch x86_64  conftest.c >&5
configure:7811: $? = 0
configure:7811: result: yes
configure:7811: checking for inttypes.h
configure:7811: gcc -c -arch i386 -arch x86_64  conftest.c >&5
configure:7811: $? = 0
configure:7811: result: yes
configure:7811: checking for stdint.h
configure:7811: gcc -c -arch i386 -arch x86_64  conftest.c >&5
configure:7811: $? = 0
configure:7811: result: yes
configure:7811: checking for unistd.h
configure:7811: gcc -c -arch i386 -arch x86_64  conftest.c >&5
configure:7811: $? = 0
configure:7811: result: yes
configure:7825: checking for dlfcn.h
configure:7825: gcc -c -arch i386 -arch x86_64  conftest.c >&5
configure:7825: $? = 0
configure:7825: result: yes
configure:8081: checking for objdir
configure:8096: result: .libs
configure:8360: checking if gcc supports -fno-rtti -fno-exceptions
configure:8378: gcc -c -arch i386 -arch x86_64  -fno-rtti -fno-exceptions conftest.c >&5
configure:8382: $? = 0
configure:8395: result: yes
configure:8753: checking for gcc option to produce PIC
configure:8760: result: -fno-common -DPIC
configure:8768: checking if gcc PIC flag -fno-common -DPIC works
configure:8786: gcc -c -arch i386 -arch x86_64  -fno-common -DPIC -DPIC conftest.c >&5
configure:8790: $? = 0
configure:8803: result: yes
configure:8832: checking if gcc static flag -static works
configure:8860: result: no
configure:8875: checking if gcc supports -c -o file.o
configure:8896: gcc -c -arch i386 -arch x86_64  -o out/conftest2.o conftest.c >&5
configure:8900: $? = 0
configure:8922: result: yes
configure:8930: checking if gcc supports -c -o file.o
configure:8977: result: yes
configure:9010: checking whether the gcc linker (/Library/Developer/CommandLineTools/usr/bin/ld) supports shared libraries
configure:10269: result: yes
configure:10509: checking dynamic linker characteristics
configure:11327: result: darwin16.7.0 dyld
configure:11449: checking how to hardcode library paths into programs
configure:11474: result: immediate
configure:12022: checking whether stripping libraries is possible
configure:12036: result: yes
configure:12062: checking if libtool supports shared libraries
configure:12064: result: yes
configure:12067: checking whether to build shared libraries
configure:12092: result: yes
configure:12095: checking whether to build static libraries
configure:12099: result: yes
configure:12136: checking for inline
configure:12152: gcc -c -arch i386 -arch x86_64  conftest.c >&5
configure:12152: $? = 0
configure:12160: result: inline
configure:12184: checking whether to enable maintainer-specific portions of Makefiles
configure:12193: result: no
configure:12207: checking operating system
configure:12276: result: Darwin/MacOS X
configure:12537: checking sys/timerfd.h usability
configure:12537: gcc -c -arch i386 -arch x86_64  conftest.c >&5
conftest.c:59:10: fatal error: 'sys/timerfd.h' file not found
#include <sys/timerfd.h>
         ^
1 error generated.
configure:12537: $? = 1
configure: failed program was:
| /* confdefs.h */
| #define PACKAGE_NAME "libusb"
| #define PACKAGE_TARNAME "libusb"
| #define PACKAGE_VERSION "1.0.8"
| #define PACKAGE_STRING "libusb 1.0.8"
| #define PACKAGE_BUGREPORT "libusb-devel@lists.sourceforge.net"
| #define PACKAGE_URL "http://www.libusb.org/"
| #define PACKAGE "libusb"
| #define VERSION "1.0.8"
| #define STDC_HEADERS 1
| #define HAVE_SYS_TYPES_H 1
| #define HAVE_SYS_STAT_H 1
| #define HAVE_STDLIB_H 1
| #define HAVE_STRING_H 1
| #define HAVE_MEMORY_H 1
| #define HAVE_STRINGS_H 1
| #define HAVE_INTTYPES_H 1
| #define HAVE_STDINT_H 1
| #define HAVE_UNISTD_H 1
| #define HAVE_DLFCN_H 1
| #define LT_OBJDIR ".libs/"
| #define _GNU_SOURCE /**/
| #define OS_DARWIN /**/
| #define THREADS_POSIX /**/
| /* end confdefs.h.  */
| #include <stdio.h>
| #ifdef HAVE_SYS_TYPES_H
| # include <sys/types.h>
| #endif
| #ifdef HAVE_SYS_STAT_H
| # include <sys/stat.h>
| #endif
| #ifdef STDC_HEADERS
| # include <stdlib.h>
| # include <stddef.h>
| #else
| # ifdef HAVE_STDLIB_H
| #  include <stdlib.h>
| # endif
| #endif
| #ifdef HAVE_STRING_H
| # if !defined STDC_HEADERS && defined HAVE_MEMORY_H
| #  include <memory.h>
| # endif
| # include <string.h>
| #endif
| #ifdef HAVE_STRINGS_H
| # include <strings.h>
| #endif
| #ifdef HAVE_INTTYPES_H
| # include <inttypes.h>
| #endif
| #ifdef HAVE_STDINT_H
| # include <stdint.h>
| #endif
| #ifdef HAVE_UNISTD_H
| # include <unistd.h>
| #endif
| #include <sys/timerfd.h>
configure:12537: result: no
configure:12537: checking sys/timerfd.h presence
configure:12537: gcc -E  conftest.c
conftest.c:26:10: fatal error: 'sys/timerfd.h' file not found
#include <sys/timerfd.h>
         ^
1 error generated.
configure:12537: $? = 1
configure: failed program was:
| /* confdefs.h */
| #define PACKAGE_NAME "libusb"
| #define PACKAGE_TARNAME "libusb"
| #define PACKAGE_VERSION "1.0.8"
| #define PACKAGE_STRING "libusb 1.0.8"
| #define PACKAGE_BUGREPORT "libusb-devel@lists.sourceforge.net"
| #define PACKAGE_URL "http://www.libusb.org/"
| #define PACKAGE "libusb"
| #define VERSION "1.0.8"
| #define STDC_HEADERS 1
| #define HAVE_SYS_TYPES_H 1
| #define HAVE_SYS_STAT_H 1
| #define HAVE_STDLIB_H 1
| #define HAVE_STRING_H 1
| #define HAVE_MEMORY_H 1
| #define HAVE_STRINGS_H 1
| #define HAVE_INTTYPES_H 1
| #define HAVE_STDINT_H 1
| #define HAVE_UNISTD_H 1
| #define HAVE_DLFCN_H 1
| #define LT_OBJDIR ".libs/"
| #define _GNU_SOURCE /**/
| #define OS_DARWIN /**/
| #define THREADS_POSIX /**/
| /* end confdefs.h.  */
| #include <sys/timerfd.h>
configure:12537: result: no
configure:12537: checking for sys/timerfd.h
configure:12537: result: no
configure:12557: checking whether TFD_NONBLOCK is declared
configure:12557: gcc -c -arch i386 -arch x86_64  conftest.c >&5
conftest.c:26:10: fatal error: 'sys/timerfd.h' file not found
#include <sys/timerfd.h>
         ^
1 error generated.
configure:12557: $? = 1
configure: failed program was:
| /* confdefs.h */
| #define PACKAGE_NAME "libusb"
| #define PACKAGE_TARNAME "libusb"
| #define PACKAGE_VERSION "1.0.8"
| #define PACKAGE_STRING "libusb 1.0.8"
| #define PACKAGE_BUGREPORT "libusb-devel@lists.sourceforge.net"
| #define PACKAGE_URL "http://www.libusb.org/"
| #define PACKAGE "libusb"
| #define VERSION "1.0.8"
| #define STDC_HEADERS 1
| #define HAVE_SYS_TYPES_H 1
| #define HAVE_SYS_STAT_H 1
| #define HAVE_STDLIB_H 1
| #define HAVE_STRING_H 1
| #define HAVE_MEMORY_H 1
| #define HAVE_STRINGS_H 1
| #define HAVE_INTTYPES_H 1
| #define HAVE_STDINT_H 1
| #define HAVE_UNISTD_H 1
| #define HAVE_DLFCN_H 1
| #define LT_OBJDIR ".libs/"
| #define _GNU_SOURCE /**/
| #define OS_DARWIN /**/
| #define THREADS_POSIX /**/
| /* end confdefs.h.  */
| #include <sys/timerfd.h>
| 
| int
| main ()
| {
| #ifndef TFD_NONBLOCK
| #ifdef __cplusplus
|   (void) TFD_NONBLOCK;
| #else
|   (void) TFD_NONBLOCK;
| #endif
| #endif
| 
|   ;
|   return 0;
| }
configure:12557: result: no
configure:12569: checking whether to use timerfd for timing
configure:12582: result: no (header not available)
configure:12587: checking for struct timespec
configure:12587: gcc -c -arch i386 -arch x86_64  conftest.c >&5
configure:12587: $? = 0
configure:12587: gcc -c -arch i386 -arch x86_64  conftest.c >&5
conftest.c:62:30: error: expected expression
if (sizeof ((struct timespec)))
                             ^
1 error generated.
configure:12587: $? = 1
configure: failed program was:
| /* confdefs.h */
| #define PACKAGE_NAME "libusb"
| #define PACKAGE_TARNAME "libusb"
| #define PACKAGE_VERSION "1.0.8"
| #define PACKAGE_STRING "libusb 1.0.8"
| #define PACKAGE_BUGREPORT "libusb-devel@lists.sourceforge.net"
| #define PACKAGE_URL "http://www.libusb.org/"
| #define PACKAGE "libusb"
| #define VERSION "1.0.8"
| #define STDC_HEADERS 1
| #define HAVE_SYS_TYPES_H 1
| #define HAVE_SYS_STAT_H 1
| #define HAVE_STDLIB_H 1
| #define HAVE_STRING_H 1
| #define HAVE_MEMORY_H 1
| #define HAVE_STRINGS_H 1
| #define HAVE_INTTYPES_H 1
| #define HAVE_STDINT_H 1
| #define HAVE_UNISTD_H 1
| #define HAVE_DLFCN_H 1
| #define LT_OBJDIR ".libs/"
| #define _GNU_SOURCE /**/
| #define OS_DARWIN /**/
| #define THREADS_POSIX /**/
| /* end confdefs.h.  */
| #include <stdio.h>
| #ifdef HAVE_SYS_TYPES_H
| # include <sys/types.h>
| #endif
| #ifdef HAVE_SYS_STAT_H
| # include <sys/stat.h>
| #endif
| #ifdef STDC_HEADERS
| # include <stdlib.h>
| # include <stddef.h>
| #else
| # ifdef HAVE_STDLIB_H
| #  include <stdlib.h>
| # endif
| #endif
| #ifdef HAVE_STRING_H
| # if !defined STDC_HEADERS && defined HAVE_MEMORY_H
| #  include <memory.h>
| # endif
| # include <string.h>
| #endif
| #ifdef HAVE_STRINGS_H
| # include <strings.h>
| #endif
| #ifdef HAVE_INTTYPES_H
| # include <inttypes.h>
| #endif
| #ifdef HAVE_STDINT_H
| # include <stdint.h>
| #endif
| #ifdef HAVE_UNISTD_H
| # include <unistd.h>
| #endif
| int
| main ()
| {
| if (sizeof ((struct timespec)))
| 	    return 0;
|   ;
|   return 0;
| }
configure:12587: result: yes
configure:12656: gcc -c -arch i386 -arch x86_64 -fgnu89-inline  conftest.c >&5
configure:12656: $? = 0
configure:12679: gcc -c -arch i386 -arch x86_64 -Werror -fvisibility=hidden  conftest.c >&5
configure:12679: $? = 0
configure:12707: gcc -c -arch i386 -arch x86_64 -Wno-pointer-sign  conftest.c >&5
configure:12707: $? = 0
configure:12716: checking for sigaction
configure:12716: gcc -o conftest -arch i386 -arch x86_64  -framework IOKit -framework CoreFoundation -arch i386 -arch x86_64  conftest.c  >&5
configure:12716: $? = 0
configure:12716: result: yes
configure:12735: checking sys/time.h usability
configure:12735: gcc -c -arch i386 -arch x86_64  conftest.c >&5
configure:12735: $? = 0
configure:12735: result: yes
configure:12735: checking sys/time.h presence
configure:12735: gcc -E  conftest.c
configure:12735: $? = 0
configure:12735: result: yes
configure:12735: checking for sys/time.h
configure:12735: result: yes
configure:12864: checking that generated files are newer than configure
configure:12870: result: done
configure:12921: creating ./config.status

## ---------------------- ##
## Running config.status. ##
## ---------------------- ##

This file was extended by libusb config.status 1.0.8, which was
generated by GNU Autoconf 2.69.  Invocation command line was

  CONFIG_FILES    = 
  CONFIG_HEADERS  = 
  CONFIG_LINKS    = 
  CONFIG_COMMANDS = 
  $ ./config.status 

on Mac

config.status:1124: creating libusb-1.0.pc
config.status:1124: creating Makefile
config.status:1124: creating libusb/Makefile
config.status:1124: creating libusb/libusb-1.0.rc
config.status:1124: creating examples/Makefile
config.status:1124: creating doc/Makefile
config.status:1124: creating doc/doxygen.cfg
config.status:1124: creating config.h
config.status:1305: config.h is unchanged
config.status:1353: executing depfiles commands
config.status:1353: executing libtool commands

## ---------------- ##
## Cache variables. ##
## ---------------- ##

ac_cv_build=x86_64-apple-darwin16.7.0
ac_cv_c_compiler_gnu=yes
ac_cv_c_inline=inline
ac_cv_env_CC_set=
ac_cv_env_CC_value=
ac_cv_env_CFLAGS_set=set
ac_cv_env_CFLAGS_value='-arch i386 -arch x86_64'
ac_cv_env_CPPFLAGS_set=
ac_cv_env_CPPFLAGS_value=
ac_cv_env_CPP_set=
ac_cv_env_CPP_value=
ac_cv_env_LDFLAGS_set=set
ac_cv_env_LDFLAGS_value='-framework IOKit -framework CoreFoundation -arch i386 -arch x86_64 '
ac_cv_env_LIBS_set=
ac_cv_env_LIBS_value=
ac_cv_env_LT_SYS_LIBRARY_PATH_set=
ac_cv_env_LT_SYS_LIBRARY_PATH_value=
ac_cv_env_build_alias_set=
ac_cv_env_build_alias_value=
ac_cv_env_host_alias_set=
ac_cv_env_host_alias_value=
ac_cv_env_target_alias_set=
ac_cv_env_target_alias_value=
ac_cv_func_sigaction=yes
ac_cv_have_decl_TFD_NONBLOCK=no
ac_cv_header_dlfcn_h=yes
ac_cv_header_inttypes_h=yes
ac_cv_header_memory_h=yes
ac_cv_header_stdc=yes
ac_cv_header_stdint_h=yes
ac_cv_header_stdlib_h=yes
ac_cv_header_string_h=yes
ac_cv_header_strings_h=yes
ac_cv_header_sys_stat_h=yes
ac_cv_header_sys_time_h=yes
ac_cv_header_sys_timerfd_h=no
ac_cv_header_sys_types_h=yes
ac_cv_header_unistd_h=yes
ac_cv_host=x86_64-apple-darwin16.7.0
ac_cv_objext=o
ac_cv_path_EGREP='/usr/bin/grep -E'
ac_cv_path_FGREP='/usr/bin/grep -F'
ac_cv_path_GREP=/usr/bin/grep
ac_cv_path_SED=/usr/bin/sed
ac_cv_path_install='/usr/bin/install -c'
ac_cv_path_lt_DD=/bin/dd
ac_cv_prog_AWK=awk
ac_cv_prog_CPP='gcc -E'
ac_cv_prog_ac_ct_AR=ar
ac_cv_prog_ac_ct_CC=gcc
ac_cv_prog_ac_ct_DSYMUTIL=dsymutil
ac_cv_prog_ac_ct_LIPO=lipo
ac_cv_prog_ac_ct_NMEDIT=nmedit
ac_cv_prog_ac_ct_OBJDUMP=objdump
ac_cv_prog_ac_ct_OTOOL=otool
ac_cv_prog_ac_ct_RANLIB=ranlib
ac_cv_prog_ac_ct_STRIP=strip
ac_cv_prog_cc_c89=
ac_cv_prog_cc_g=yes
ac_cv_prog_make_make_set=yes
ac_cv_type_struct_timespec=yes
am_cv_CC_dependencies_compiler_type=none
am_cv_make_support_nested_variables=yes
am_cv_prog_cc_c_o=yes
lt_cv_apple_cc_single_mod=yes
lt_cv_ar_at_file=no
lt_cv_deplibs_check_method=pass_all
lt_cv_file_magic_cmd='$MAGIC_CMD'
lt_cv_file_magic_test_file=
lt_cv_ld_exported_symbols_list=yes
lt_cv_ld_force_load=yes
lt_cv_ld_reload_flag=-r
lt_cv_nm_interface='BSD nm'
lt_cv_objdir=.libs
lt_cv_path_LD=/Library/Developer/CommandLineTools/usr/bin/ld
lt_cv_path_NM='/usr/bin/nm -B'
lt_cv_path_mainfest_tool=no
lt_cv_prog_compiler_c_o=yes
lt_cv_prog_compiler_pic='-fno-common -DPIC'
lt_cv_prog_compiler_pic_works=yes
lt_cv_prog_compiler_rtti_exceptions=yes
lt_cv_prog_compiler_static_works=no
lt_cv_prog_gnu_ld=no
lt_cv_sharedlib_from_linklib_cmd='printf %s\n'
lt_cv_sys_global_symbol_pipe='sed -n -e '\''s/^.*[	 ]\([BCDEGRST][BCDEGRST]*\)[	 ][	 ]*_\([_A-Za-z][_A-Za-z0-9]*\)$/\1 _\2 \2/p'\'' | sed '\''/ __gnu_lto/d'\'''
lt_cv_sys_global_symbol_to_c_name_address='sed -n -e '\''s/^: \(.*\) .*$/  {"\1", (void *) 0},/p'\'' -e '\''s/^[BCDEGRST][BCDEGRST]* .* \(.*\)$/  {"\1", (void *) \&\1},/p'\'''
lt_cv_sys_global_symbol_to_c_name_address_lib_prefix='sed -n -e '\''s/^: \(.*\) .*$/  {"\1", (void *) 0},/p'\'' -e '\''s/^[BCDEGRST][BCDEGRST]* .* \(lib.*\)$/  {"\1", (void *) \&\1},/p'\'' -e '\''s/^[BCDEGRST][BCDEGRST]* .* \(.*\)$/  {"lib\1", (void *) \&\1},/p'\'''
lt_cv_sys_global_symbol_to_cdecl='sed -n -e '\''s/^T .* \(.*\)$/extern int \1();/p'\'' -e '\''s/^[BCDEGRST][BCDEGRST]* .* \(.*\)$/extern char \1;/p'\'''
lt_cv_sys_global_symbol_to_import=
lt_cv_sys_max_cmd_len=196608
lt_cv_to_host_file_cmd=func_convert_file_noop
lt_cv_to_tool_file_cmd=func_convert_file_noop
lt_cv_truncate_bin='/bin/dd bs=4096 count=1'

## ----------------- ##
## Output variables. ##
## ----------------- ##

ACLOCAL='${SHELL} /Users/alumincan/Documents/OpenNI/Platform/Linux/Build/Prerequisites/libusb/missing aclocal-1.15'
AMDEPBACKSLASH=''
AMDEP_FALSE=''
AMDEP_TRUE='#'
AMTAR='$${TAR-tar}'
AM_BACKSLASH='\'
AM_CFLAGS='-std=gnu99 -fgnu89-inline -Wall -Wundef -Wunused -Wstrict-prototypes -Werror-implicit-function-declaration -Wno-pointer-sign -Wshadow'
AM_DEFAULT_V='$(AM_DEFAULT_VERBOSITY)'
AM_DEFAULT_VERBOSITY='0'
AM_LDFLAGS='-Wl,-framework,IOKit -Wl,-framework,CoreFoundation -Wl,-prebind -no-undefined -pthread'
AM_V='$(V)'
AR='ar'
AUTOCONF='${SHELL} /Users/alumincan/Documents/OpenNI/Platform/Linux/Build/Prerequisites/libusb/missing autoconf'
AUTOHEADER='${SHELL} /Users/alumincan/Documents/OpenNI/Platform/Linux/Build/Prerequisites/libusb/missing autoheader'
AUTOMAKE='${SHELL} /Users/alumincan/Documents/OpenNI/Platform/Linux/Build/Prerequisites/libusb/missing automake-1.15'
AWK='awk'
BUILD_EXAMPLES_FALSE=''
BUILD_EXAMPLES_TRUE='#'
CC='gcc'
CCDEPMODE='depmode=none'
CFLAGS='-arch i386 -arch x86_64'
CPP='gcc -E'
CPPFLAGS=''
CYGPATH_W='echo'
DEFS='-DHAVE_CONFIG_H'
DEPDIR='.deps'
DLLTOOL='false'
DSYMUTIL='dsymutil'
DUMPBIN=''
ECHO_C='\c'
ECHO_N=''
ECHO_T=''
EGREP='/usr/bin/grep -E'
EXEEXT=''
FGREP='/usr/bin/grep -F'
GREP='/usr/bin/grep'
HAVE_SIGACTION_FALSE='#'
HAVE_SIGACTION_TRUE=''
INSTALL_DATA='${INSTALL} -m 644'
INSTALL_PROGRAM='${INSTALL}'
INSTALL_SCRIPT='${INSTALL}'
INSTALL_STRIP_PROGRAM='$(install_sh) -c -s'
LD='/Library/Developer/CommandLineTools/usr/bin/ld'
LDFLAGS='-framework IOKit -framework CoreFoundation -arch i386 -arch x86_64 '
LIBOBJS=''
LIBS=''
LIBTOOL='$(SHELL) $(top_builddir)/libtool'
LIBUSB_VERSION_MAJOR='1'
LIBUSB_VERSION_MICRO='8'
LIBUSB_VERSION_MINOR='0'
LIPO='lipo'
LN_S='ln -s'
LTLIBOBJS=''
LT_SYS_LIBRARY_PATH=''
MAINT='#'
MAINTAINER_MODE_FALSE=''
MAINTAINER_MODE_TRUE='#'
MAKEINFO='${SHELL} /Users/alumincan/Documents/OpenNI/Platform/Linux/Build/Prerequisites/libusb/missing makeinfo'
MANIFEST_TOOL=':'
MKDIR_P='./install-sh -c -d'
NM='/usr/bin/nm -B'
NMEDIT='nmedit'
OBJDUMP='objdump'
OBJEXT='o'
OS_DARWIN=''
OS_DARWIN_FALSE='#'
OS_DARWIN_TRUE=''
OS_LINUX=''
OS_LINUX_FALSE=''
OS_LINUX_TRUE='#'
OS_WINDOWS=''
OS_WINDOWS_FALSE=''
OS_WINDOWS_TRUE='#'
OTOOL64=':'
OTOOL='otool'
PACKAGE='libusb'
PACKAGE_BUGREPORT='libusb-devel@lists.sourceforge.net'
PACKAGE_NAME='libusb'
PACKAGE_STRING='libusb 1.0.8'
PACKAGE_TARNAME='libusb'
PACKAGE_URL='http://www.libusb.org/'
PACKAGE_VERSION='1.0.8'
PATH_SEPARATOR=':'
PC_LIBS_PRIVATE='-Wl,-framework,IOKit -Wl,-framework,CoreFoundation -Wl,-prebind -no-undefined -pthread'
RANLIB='ranlib'
RC=''
SED='/usr/bin/sed'
SET_MAKE=''
SHELL='/bin/sh'
STRIP='strip'
THREADS_POSIX_FALSE='#'
THREADS_POSIX_TRUE=''
THREAD_CFLAGS='-pthread'
VERSION='1.0.8'
VISIBILITY_CFLAGS='-fvisibility=hidden'
ac_ct_AR='ar'
ac_ct_CC='gcc'
ac_ct_DUMPBIN=''
am__EXEEXT_FALSE=''
am__EXEEXT_TRUE='#'
am__fastdepCC_FALSE=''
am__fastdepCC_TRUE='#'
am__include='include'
am__isrc=''
am__leading_dot='.'
am__nodep=''
am__quote=''
am__tar='$${TAR-tar} chof - "$$tardir"'
am__untar='$${TAR-tar} xf -'
bindir='${exec_prefix}/bin'
build='x86_64-apple-darwin16.7.0'
build_alias=''
build_cpu='x86_64'
build_os='darwin16.7.0'
build_vendor='apple'
datadir='${datarootdir}'
datarootdir='${prefix}/share'
docdir='${datarootdir}/doc/${PACKAGE_TARNAME}'
dvidir='${docdir}'
exec_prefix='${prefix}'
host='x86_64-apple-darwin16.7.0'
host_alias=''
host_cpu='x86_64'
host_os='darwin16.7.0'
host_vendor='apple'
htmldir='${docdir}'
includedir='${prefix}/include'
infodir='${datarootdir}/info'
install_sh='${SHELL} /Users/alumincan/Documents/OpenNI/Platform/Linux/Build/Prerequisites/libusb/install-sh'
libdir='${exec_prefix}/lib'
libexecdir='${exec_prefix}/libexec'
localedir='${datarootdir}/locale'
localstatedir='${prefix}/var'
lt_age='1'
lt_current='1'
lt_revision='0'
mandir='${datarootdir}/man'
mkdir_p='$(MKDIR_P)'
oldincludedir='/usr/include'
pdfdir='${docdir}'
prefix='/opt/local'
program_transform_name='s,x,x,'
psdir='${docdir}'
sbindir='${exec_prefix}/sbin'
sharedstatedir='${prefix}/com'
sysconfdir='${prefix}/etc'
target_alias=''

## ----------- ##
## confdefs.h. ##
## ----------- ##

/* confdefs.h */
#define PACKAGE_NAME "libusb"
#define PACKAGE_TARNAME "libusb"
#define PACKAGE_VERSION "1.0.8"
#define PACKAGE_STRING "libusb 1.0.8"
#define PACKAGE_BUGREPORT "libusb-devel@lists.sourceforge.net"
#define PACKAGE_URL "http://www.libusb.org/"
#define PACKAGE "libusb"
#define VERSION "1.0.8"
#define STDC_HEADERS 1
#define HAVE_SYS_TYPES_H 1
#define HAVE_SYS_STAT_H 1
#define HAVE_STDLIB_H 1
#define HAVE_STRING_H 1
#define HAVE_MEMORY_H 1
#define HAVE_STRINGS_H 1
#define HAVE_INTTYPES_H 1
#define HAVE_STDINT_H 1
#define HAVE_UNISTD_H 1
#define HAVE_DLFCN_H 1
#define LT_OBJDIR ".libs/"
#define _GNU_SOURCE /**/
#define OS_DARWIN /**/
#define THREADS_POSIX /**/
#define HAVE_STRUCT_TIMESPEC 1
#define ENABLE_LOGGING 1
#define DEFAULT_VISIBILITY __attribute__((visibility("default")))
#define HAVE_SYS_TIME_H 1

configure: exit 0
